mode: set
go-microservicio-producto/controllers/producto_controller.go:17.83,21.2 1 1
go-microservicio-producto/controllers/producto_controller.go:24.84,27.19 3 1
go-microservicio-producto/controllers/producto_controller.go:27.19,30.6 2 1
go-microservicio-producto/controllers/producto_controller.go:32.5,33.19 2 1
go-microservicio-producto/controllers/producto_controller.go:33.19,36.6 2 1
go-microservicio-producto/controllers/producto_controller.go:38.5,39.93 2 1
go-microservicio-producto/controllers/producto_controller.go:43.87,45.19 2 1
go-microservicio-producto/controllers/producto_controller.go:45.19,48.6 2 1
go-microservicio-producto/controllers/producto_controller.go:50.5,51.41 2 1
go-microservicio-producto/controllers/producto_controller.go:55.91,59.17 3 1
go-microservicio-producto/controllers/producto_controller.go:59.17,62.6 2 0
go-microservicio-producto/controllers/producto_controller.go:64.5,65.19 2 1
go-microservicio-producto/controllers/producto_controller.go:65.19,68.6 2 1
go-microservicio-producto/controllers/producto_controller.go:70.5,71.40 2 1
go-microservicio-producto/controllers/producto_controller.go:75.89,80.69 4 1
go-microservicio-producto/controllers/producto_controller.go:80.69,83.6 2 0
go-microservicio-producto/controllers/producto_controller.go:85.5,86.19 2 1
go-microservicio-producto/controllers/producto_controller.go:86.19,87.28 1 1
go-microservicio-producto/controllers/producto_controller.go:88.77,89.62 1 1
go-microservicio-producto/controllers/producto_controller.go:90.39,91.60 1 0
go-microservicio-producto/controllers/producto_controller.go:92.17,93.88 1 1
go-microservicio-producto/controllers/producto_controller.go:95.9,95.15 1 1
go-microservicio-producto/controllers/producto_controller.go:98.5,103.7 3 1
go-microservicio-producto/controllers/producto_controller.go:107.87,111.17 3 1
go-microservicio-producto/controllers/producto_controller.go:111.17,114.6 2 1
go-microservicio-producto/controllers/producto_controller.go:116.5,117.19 2 1
go-microservicio-producto/controllers/producto_controller.go:117.19,120.6 2 1
go-microservicio-producto/controllers/producto_controller.go:122.5,123.96 2 1
